生成启动时间为 2018/6/30 15:54:40。
     1>项目“D:\Lixin\工程实践\工程实践4\project\Project1\Project1.vcxproj”在节点 2 上(Build 个目标)。
     1>ClCompile:
         D:\Program Files (x86)\VC\bin\CL.exe /c /ZI /nologo /W3 /WX- /sdl /Od /Oy- /D _MBCS /Gm /EHsc /RTC1 /MDd /GS /fp:precise /Zc:wchar_t /Zc:forScope /Fo"Debug\\" /Fd"Debug\vc120.pdb" /Gd /TP /analyze- /errorReport:prompt main.cpp
         main.cpp
     1>d:\lixin\工程实践\工程实践4\project\project1\main.cpp(29): warning C4305: “初始化”: 从“double”到“GLfloat”截断
     1>d:\lixin\工程实践\工程实践4\project\project1\main.cpp(99): warning C4244: “初始化”: 从“double”转换到“GLfloat”，可能丢失数据
     1>d:\lixin\工程实践\工程实践4\project\project1\main.cpp(224): warning C4244: “=”: 从“double”转换到“float”，可能丢失数据
     1>d:\lixin\工程实践\工程实践4\project\project1\main.cpp(230): warning C4244: “=”: 从“double”转换到“float”，可能丢失数据
     1>d:\lixin\工程实践\工程实践4\project\project1\main.cpp(317): warning C4244: “=”: 从“double”转换到“GLfloat”，可能丢失数据
     1>d:\lixin\工程实践\工程实践4\project\project1\main.cpp(318): warning C4244: “=”: 从“double”转换到“GLfloat”，可能丢失数据
     1>d:\lixin\工程实践\工程实践4\project\project1\main.cpp(322): warning C4244: “初始化”: 从“double”转换到“GLfloat”，可能丢失数据
     1>d:\lixin\工程实践\工程实践4\project\project1\main.cpp(323): warning C4244: “初始化”: 从“double”转换到“GLfloat”，可能丢失数据
     1>d:\lixin\工程实践\工程实践4\project\project1\main.cpp(325): warning C4244: “=”: 从“double”转换到“GLfloat”，可能丢失数据
     1>d:\lixin\工程实践\工程实践4\project\project1\main.cpp(326): warning C4244: “=”: 从“double”转换到“GLfloat”，可能丢失数据
     1>d:\lixin\工程实践\工程实践4\project\project1\main.cpp(333): warning C4244: “参数”: 从“double”转换到“GLfloat”，可能丢失数据
       Link:
         D:\Program Files (x86)\VC\bin\link.exe /ERRORREPORT:PROMPT /OUT:"D:\Lixin\工程实践\工程实践4\project\Debug\Project1.exe" /INCREMENTAL /NOLOGO glfw3.lib glfw3dll.lib opengl32.lib glew32s.lib SOIL.lib assimp.lib opencv_world310.lib kernel32.lib user32.lib gdi32.lib winspool.lib comdlg32.lib advapi32.lib shell32.lib ole32.lib oleaut32.lib uuid.lib odbc32.lib odbccp32.lib /MANIFEST /MANIFESTUAC:"level='asInvoker' uiAccess='false'" /manifest:embed /DEBUG /PDB:"D:\Lixin\工程实践\工程实践4\project\Debug\Project1.pdb" /TLBID:1 /DYNAMICBASE /NXCOMPAT /IMPLIB:"D:\Lixin\工程实践\工程实践4\project\Debug\Project1.lib" /MACHINE:X86 Debug\Camera.obj
         Debug\main.obj
         Debug\Mesh.obj
         Debug\Model.obj
         Debug\Shader.obj
         Project1.vcxproj -> D:\Lixin\工程实践\工程实践4\project\Debug\Project1.exe
     1>已完成生成项目“D:\Lixin\工程实践\工程实践4\project\Project1\Project1.vcxproj”(Build 个目标)的操作。

生成成功。

已用时间 00:00:01.59
